
> leveldown@1.5.0 install /Users/cameron/dev/www2/node/npm/node_modules/pouchdb/node_modules/leveldown
> prebuild --install

prebuild info begin Prebuild version 4.5.0
prebuild info looking for local prebuild @ prebuilds/leveldown-v1.5.0-node-v57-darwin-x64.tar.gz
prebuild info looking for cached prebuild @ /Users/cameron/.npm/_prebuilds/https-github.com-level-leveldown-releases-download-v1.5.0-leveldown-v1.5.0-node-v57-darwin-x64.tar.gz
prebuild http request GET https://github.com/level/leveldown/releases/download/v1.5.0/leveldown-v1.5.0-node-v57-darwin-x64.tar.gz
prebuild http 404 https://github.com/level/leveldown/releases/download/v1.5.0/leveldown-v1.5.0-node-v57-darwin-x64.tar.gz
prebuild WARN install No prebuilt binaries found (target=v8.2.1 arch=x64 platform=darwin)
prebuild info install We will now try to compile from source.
prebuild verb starting node-gyp process 
prebuild verb execute node-gyp with `node index.js rebuild --target=v8.2.1 --target_arch=x64` 
prebuild verb ok 
prebuild verb ok 
prebuild verb ok 
  CXX(target) Release/obj.target/leveldb/deps/leveldb/leveldb-1.19/db/builder.o
  CXX(target) Release/obj.target/leveldb/deps/leveldb/leveldb-1.19/db/db_impl.o
  CXX(target) Release/obj.target/leveldb/deps/leveldb/leveldb-1.19/db/db_iter.o
  CXX(target) Release/obj.target/leveldb/deps/leveldb/leveldb-1.19/db/filename.o
  CXX(target) Release/obj.target/leveldb/deps/leveldb/leveldb-1.19/db/dbformat.o
  CXX(target) Release/obj.target/leveldb/deps/leveldb/leveldb-1.19/db/log_reader.o
  CXX(target) Release/obj.target/leveldb/deps/leveldb/leveldb-1.19/db/log_writer.o
  CXX(target) Release/obj.target/leveldb/deps/leveldb/leveldb-1.19/db/memtable.o
  CXX(target) Release/obj.target/leveldb/deps/leveldb/leveldb-1.19/db/repair.o
  CXX(target) Release/obj.target/leveldb/deps/leveldb/leveldb-1.19/db/table_cache.o
  CXX(target) Release/obj.target/leveldb/deps/leveldb/leveldb-1.19/db/version_edit.o
  CXX(target) Release/obj.target/leveldb/deps/leveldb/leveldb-1.19/db/version_set.o
  CXX(target) Release/obj.target/leveldb/deps/leveldb/leveldb-1.19/db/write_batch.o
  CXX(target) Release/obj.target/leveldb/deps/leveldb/leveldb-1.19/helpers/memenv/memenv.o
  CXX(target) Release/obj.target/leveldb/deps/leveldb/leveldb-1.19/table/block.o
  CXX(target) Release/obj.target/leveldb/deps/leveldb/leveldb-1.19/table/block_builder.o
  CXX(target) Release/obj.target/leveldb/deps/leveldb/leveldb-1.19/table/filter_block.o
  CXX(target) Release/obj.target/leveldb/deps/leveldb/leveldb-1.19/table/format.o
  CXX(target) Release/obj.target/leveldb/deps/leveldb/leveldb-1.19/table/iterator.o
  CXX(target) Release/obj.target/leveldb/deps/leveldb/leveldb-1.19/table/merger.o
  CXX(target) Release/obj.target/leveldb/deps/leveldb/leveldb-1.19/table/table.o
  CXX(target) Release/obj.target/leveldb/deps/leveldb/leveldb-1.19/table/table_builder.o
  CXX(target) Release/obj.target/leveldb/deps/leveldb/leveldb-1.19/table/two_level_iterator.o
  CXX(target) Release/obj.target/leveldb/deps/leveldb/leveldb-1.19/util/arena.o
  CXX(target) Release/obj.target/leveldb/deps/leveldb/leveldb-1.19/util/bloom.o
  CXX(target) Release/obj.target/leveldb/deps/leveldb/leveldb-1.19/util/cache.o
  CXX(target) Release/obj.target/leveldb/deps/leveldb/leveldb-1.19/util/coding.o
  CXX(target) Release/obj.target/leveldb/deps/leveldb/leveldb-1.19/util/comparator.o
  CXX(target) Release/obj.target/leveldb/deps/leveldb/leveldb-1.19/util/crc32c.o
  CXX(target) Release/obj.target/leveldb/deps/leveldb/leveldb-1.19/util/env.o
  CXX(target) Release/obj.target/leveldb/deps/leveldb/leveldb-1.19/util/filter_policy.o
  CXX(target) Release/obj.target/leveldb/deps/leveldb/leveldb-1.19/util/hash.o
  CXX(target) Release/obj.target/leveldb/deps/leveldb/leveldb-1.19/util/logging.o
  CXX(target) Release/obj.target/leveldb/deps/leveldb/leveldb-1.19/util/options.o
  CXX(target) Release/obj.target/leveldb/deps/leveldb/leveldb-1.19/util/status.o
  CXX(target) Release/obj.target/leveldb/deps/leveldb/leveldb-1.19/port/port_posix.o
  CXX(target) Release/obj.target/leveldb/deps/leveldb/leveldb-1.19/util/env_posix.o
  LIBTOOL-STATIC Release/leveldb.a
Usage: /usr/local/bin/libtool [OPTION]... [MODE-ARG]...
Try 'libtool --help' for more information.
libtool:   error: unrecognised option: '-static'
make: *** [Release/leveldb.a] Error 1
prebuild ERR! build error 
prebuild ERR! stack Error: `make` failed with exit code: 2
prebuild ERR! stack     at ChildProcess.onExit (/Users/cameron/dev/www2/node/npm/node_modules/node-gyp/lib/build.js:258:23)
prebuild ERR! stack     at emitTwo (events.js:125:13)
prebuild ERR! stack     at ChildProcess.emit (events.js:213:7)
prebuild ERR! stack     at Process.ChildProcess._handle.onexit (internal/child_process.js:200:12)
prebuild ERR! not ok 
prebuild ERR! build Error: `make` failed with exit code: 2
prebuild ERR! build     at ChildProcess.onExit (/Users/cameron/dev/www2/node/npm/node_modules/node-gyp/lib/build.js:258:23)
prebuild ERR! build     at emitTwo (events.js:125:13)
prebuild ERR! build     at ChildProcess.emit (events.js:213:7)
prebuild ERR! build     at Process.ChildProcess._handle.onexit (internal/child_process.js:200:12)
npm WARN enoent ENOENT: no such file or directory, open '/Users/cameron/dev/www2/node/npm/package.json'
npm WARN npm No description
npm WARN npm No repository field.
npm WARN npm No README data
npm WARN npm No license field.

npm ERR! code ELIFECYCLE
npm ERR! errno 2
npm ERR! leveldown@1.5.0 install: `prebuild --install`
npm ERR! Exit status 2
npm ERR! 
npm ERR! Failed at the leveldown@1.5.0 install script.
npm ERR! This is probably not a problem with npm. There is likely additional logging output above.

npm ERR! A complete log of this run can be found in:
npm ERR!     /Users/cameron/.npm/_logs/2017-11-16T01_45_02_777Z-debug.log
